[ 1289.155781] gasket: disagrees about version of symbol dev_warn
[ 1289.155801] gasket: Unknown symbol dev_warn (err -22)
[ 1289.155920] gasket: disagrees about version of symbol get_device
[ 1289.155931] gasket: Unknown symbol get_device (err -22)
[ 1289.155948] gasket: disagrees about version of symbol __dynamic_dev_dbg
[ 1289.155958] gasket: Unknown symbol __dynamic_dev_dbg (err -22)
[ 1289.155983] gasket: disagrees about version of symbol kmem_cache_alloc_trace
[ 1289.155993] gasket: Unknown symbol kmem_cache_alloc_trace (err -22)
[ 1289.156051] gasket: disagrees about version of symbol put_device
[ 1289.156061] gasket: Unknown symbol put_device (err -22)
[ 1289.156132] gasket: disagrees about version of symbol device_create_file
[ 1289.156142] gasket: Unknown symbol device_create_file (err -22)
[ 1289.156184] gasket: disagrees about version of symbol device_create
[ 1289.156194] gasket: Unknown symbol device_create (err -22)
[ 1289.156257] gasket: disagrees about version of symbol dev_err
[ 1289.156267] gasket: Unknown symbol dev_err (err -22)
[ 1289.156338] gasket: disagrees about version of symbol device_destroy
[ 1289.156349] gasket: Unknown symbol device_destroy (err -22)
[ 1289.156460] gasket: disagrees about version of symbol device_remove_file
[ 1289.156470] gasket: Unknown symbol device_remove_file (err -22)
